<?xml version="1.0" encoding="UTF-8"?>
<testsuite name="br.com.biblia.test.VersiculoDAOTest" time="1.703" tests="2" errors="1" skipped="0" failures="0">
  <properties>
[...]
</properties>
  <testcase name="testFindAllAfterDeleteAll" classname="br.com.biblia.test.VersiculoDAOTest" time="1.669"/>
  <testcase name="testGetOne" classname="br.com.biblia.test.VersiculoDAOTest" time="0.034">
    <error message="Unable to find br.com.biblia.core.model.versiculo.Versiculo with id VersiculoKey(994, 25, 12)" type="javax.persistence.EntityNotFoundException">javax.persistence.EntityNotFoundException: Unable to find br.com.biblia.core.model.versiculo.Versiculo with id VersiculoKey(994, 25, 12)
	at org.hibernate.jpa.boot.internal.EntityManagerFactoryBuilderImpl$JpaEntityNotFoundDelegate.handleEntityNotFound(EntityManagerFactoryBuilderImpl.java:144)
	at org.hibernate.proxy.AbstractLazyInitializer.checkTargetState(AbstractLazyInitializer.java:242)
	at org.hibernate.proxy.AbstractLazyInitializer.initialize(AbstractLazyInitializer.java:159)
	at org.hibernate.proxy.AbstractLazyInitializer.getImplementation(AbstractLazyInitializer.java:266)
	at org.hibernate.proxy.pojo.javassist.JavassistLazyInitializer.invoke(JavassistLazyInitializer.java:73)
	at br.com.biblia.core.model.versiculo.Versiculo_$$_jvstf1d_5.getExpressoes(Versiculo_$$_jvstf1d_5.java)
	at br.com.biblia.test.VersiculoDAOTest.testGetOne(VersiculoDAOTest.java:44)
</error>
    <system-out><![CDATA[2017-05-02 21:53:43.211  INFO 15305 --- [           main] o.s.t.c.transaction.TransactionContext   : Began transaction (1) for test context [DefaultTestContext@1e258d3b testClass = VersiculoDAOTest, testInstance = br.com.biblia.test.VersiculoDAOTest@6d31f14, testMethod = testGetOne@VersiculoDAOTest, testException = [null], mergedContextConfiguration = [MergedContextConfiguration@1e8bccfb testClass = VersiculoDAOTest, locations = '{}', classes = '{class br.com.biblia.Application, class br.com.biblia.Application}', contextInitializerClasses = '[]', activeProfiles = '{}', propertySourceLocations = '{}', propertySourceProperties = '{org.springframework.boot.test.context.SpringBootTestContextBootstrapper=true}', contextCustomizers = set[org.springframework.boot.test.context.SpringBootTestContextCustomizer@7b69c6ba, org.springframework.boot.test.context.filter.ExcludeFilterContextCustomizer@13c27452, org.springframework.boot.test.mock.mockito.MockitoContextCustomizer@0, org.springframework.boot.test.autoconfigure.properties.PropertyMappingContextCustomizer@0, org.springframework.boot.test.autoconfigure.web.servlet.WebDriverContextCustomizerFactory$Customizer@cb0ed20], contextLoader = 'org.springframework.boot.test.context.SpringBootContextLoader', parent = [null]]]; transaction manager [org.springframework.orm.jpa.JpaTransactionManager@4fd7b79]; rollback [true]
2017-05-02 21:53:43.212  INFO 15305 --- [           main] o.s.jdbc.datasource.init.ScriptUtils     : Executing SQL script from Byte array resource [from inlined SQL statement: DELETE FROM expressao]
2017-05-02 21:53:43.233  INFO 15305 --- [           main] o.s.jdbc.datasource.init.ScriptUtils     : Executed SQL script from Byte array resource [from inlined SQL statement: DELETE FROM expressao] in 21 ms.
Hibernate: select versiculo0_.capitulo_id as capitulo1_8_0_, versiculo0_.id as id2_8_0_, versiculo0_.livro_id as livro_id3_8_0_, versiculo0_.idioma as idioma4_8_0_, versiculo0_.numero as numero5_8_0_, versiculo0_.qtd_aumento as qtd_aume6_8_0_, versiculo0_.texto as texto7_8_0_, capitulo1_.id as id1_0_1_, capitulo1_.livro_id as livro_id2_0_1_, capitulo1_.titulo as titulo3_0_1_, livro2_.id as id1_5_2_, livro2_.nome as nome2_5_2_, livro2_.ordem as ordem3_5_2_, livro2_.testamento as testamen4_5_2_ from versiculo versiculo0_ left outer join capitulo capitulo1_ on versiculo0_.capitulo_id=capitulo1_.id and versiculo0_.livro_id=capitulo1_.livro_id left outer join livro livro2_ on capitulo1_.livro_id=livro2_.id where versiculo0_.capitulo_id=? and versiculo0_.id=? and versiculo0_.livro_id=?
2017-05-02 21:53:43.239  INFO 15305 --- [           main] o.s.t.c.transaction.TransactionContext   : Rolled back transaction for test context [DefaultTestContext@1e258d3b testClass = VersiculoDAOTest, testInstance = br.com.biblia.test.VersiculoDAOTest@6d31f14, testMethod = testGetOne@VersiculoDAOTest, testException = javax.persistence.EntityNotFoundException: Unable to find br.com.biblia.core.model.versiculo.Versiculo with id VersiculoKey(994, 25, 12), mergedContextConfiguration = [MergedContextConfiguration@1e8bccfb testClass = VersiculoDAOTest, locations = '{}', classes = '{class br.com.biblia.Application, class br.com.biblia.Application}', contextInitializerClasses = '[]', activeProfiles = '{}', propertySourceLocations = '{}', propertySourceProperties = '{org.springframework.boot.test.context.SpringBootTestContextBootstrapper=true}', contextCustomizers = set[org.springframework.boot.test.context.SpringBootTestContextCustomizer@7b69c6ba, org.springframework.boot.test.context.filter.ExcludeFilterContextCustomizer@13c27452, org.springframework.boot.test.mock.mockito.MockitoContextCustomizer@0, org.springframework.boot.test.autoconfigure.properties.PropertyMappingContextCustomizer@0, org.springframework.boot.test.autoconfigure.web.servlet.WebDriverContextCustomizerFactory$Customizer@cb0ed20], contextLoader = 'org.springframework.boot.test.context.SpringBootContextLoader', parent = [null]]].
]]></system-out>
  </testcase>
</testsuite>