<?xml version="1.0" encoding="UTF-8"?>
<testsuite name="br.com.biblia.test.VersiculoJSONParserTest" time="0.058" tests="1" errors="1" skipped="0" failures="0">
  <properties>
[...]
</properties>
  <testcase name="testConvertVersiculoKeyToJson" classname="br.com.biblia.test.VersiculoJSONParserTest" time="0.058">
    <error message="Unrecognized field &quot;json&quot; (class br.com.biblia.core.model.versiculo.VersiculoKey), not marked as ignorable (3 known properties: &quot;livroId&quot;, &quot;id&quot;, &quot;capituloId&quot;])&#10; at [Source: {&quot;id&quot;:1,&quot;capituloId&quot;:2,&quot;livroId&quot;:3,&quot;json&quot;:&quot;{\&quot;id\&quot;:1,\&quot;capituloId\&quot;:2,\&quot;livroId\&quot;:3}&quot;}; line: 1, column: 44] (through reference chain: br.com.biblia.core.model.versiculo.VersiculoKey[&quot;json&quot;])" type="java.lang.RuntimeException">java.lang.RuntimeException: Unrecognized field "json" (class br.com.biblia.core.model.versiculo.VersiculoKey), not marked as ignorable (3 known properties: "livroId", "id", "capituloId"])
 at [Source: {"id":1,"capituloId":2,"livroId":3,"json":"{\"id\":1,\"capituloId\":2,\"livroId\":3}"}; line: 1, column: 44] (through reference chain: br.com.biblia.core.model.versiculo.VersiculoKey["json"])
	at com.fasterxml.jackson.databind.exc.UnrecognizedPropertyException.from(UnrecognizedPropertyException.java:62)
	at com.fasterxml.jackson.databind.DeserializationContext.handleUnknownProperty(DeserializationContext.java:834)
	at com.fasterxml.jackson.databind.deser.std.StdDeserializer.handleUnknownProperty(StdDeserializer.java:1093)
	at com.fasterxml.jackson.databind.deser.BeanDeserializerBase.handleUnknownProperty(BeanDeserializerBase.java:1477)
	at com.fasterxml.jackson.databind.deser.BeanDeserializerBase.handleUnknownVanilla(BeanDeserializerBase.java:1455)
	at com.fasterxml.jackson.databind.deser.BeanDeserializer.deserialize(BeanDeserializer.java:246)
	at com.fasterxml.jackson.databind.deser.BeanDeserializer._deserializeUsingPropertyBased(BeanDeserializer.java:420)
	at com.fasterxml.jackson.databind.deser.BeanDeserializerBase.deserializeFromObjectUsingNonDefault(BeanDeserializerBase.java:1198)
	at com.fasterxml.jackson.databind.deser.BeanDeserializer.deserializeFromObject(BeanDeserializer.java:314)
	at com.fasterxml.jackson.databind.deser.BeanDeserializer.deserialize(BeanDeserializer.java:148)
	at com.fasterxml.jackson.databind.ObjectReader._bindAndClose(ObjectReader.java:1626)
	at com.fasterxml.jackson.databind.ObjectReader.readValue(ObjectReader.java:1220)
	at br.com.biblia.core.model.versiculo.Expressao.setVersiculoKeyAsJsonReturningEntity(Expressao.java:74)
	at br.com.biblia.test.VersiculoJSONParserTest.testConvertVersiculoKeyToJson(VersiculoJSONParserTest.java:21)
</error>
    <system-out><![CDATA[2017-05-02 21:53:43.579  INFO 15305 --- [           main] o.s.t.c.s.DefaultTestContextBootstrapper : Neither @ContextConfiguration nor @ContextHierarchy found for test class [br.com.biblia.test.VersiculoJSONParserTest], using DelegatingSmartContextLoader
2017-05-02 21:53:43.579  INFO 15305 --- [           main] o.s.t.c.support.AbstractContextLoader    : Could not detect default resource locations for test class [br.com.biblia.test.VersiculoJSONParserTest]: no resource found for suffixes {-context.xml}.
2017-05-02 21:53:43.579  INFO 15305 --- [           main] t.c.s.AnnotationConfigContextLoaderUtils : Could not detect default configuration classes for test class [br.com.biblia.test.VersiculoJSONParserTest]: VersiculoJSONParserTest does not declare any static, non-private, non-final, nested classes annotated with @Configuration.
2017-05-02 21:53:43.582  INFO 15305 --- [           main] o.s.t.c.s.DefaultTestContextBootstrapper : Loaded default TestExecutionListener class names from location [META-INF/spring.factories]: [org.springframework.boot.test.mock.mockito.MockitoTestExecutionListener, org.springframework.boot.test.mock.mockito.ResetMocksTestExecutionListener, org.springframework.boot.test.autoconfigure.restdocs.RestDocsTestExecutionListener, org.springframework.boot.test.autoconfigure.web.client.MockRestServiceServerResetTestExecutionListener, org.springframework.boot.test.autoconfigure.web.servlet.MockMvcPrintOnlyOnFailureTestExecutionListener, org.springframework.boot.test.autoconfigure.web.servlet.WebDriverTestExecutionListener, org.springframework.test.context.web.ServletTestExecutionListener, org.springframework.test.context.support.DirtiesContextBeforeModesTestExecutionListener, org.springframework.test.context.support.DependencyInjectionTestExecutionListener, org.springframework.test.context.support.DirtiesContextTestExecutionListener, org.springframework.test.context.transaction.TransactionalTestExecutionListener, org.springframework.test.context.jdbc.SqlScriptsTestExecutionListener]
2017-05-02 21:53:43.582  INFO 15305 --- [           main] o.s.t.c.s.DefaultTestContextBootstrapper : Using TestExecutionListeners: [org.springframework.test.context.web.ServletTestExecutionListener@58a7a58d, org.springframework.test.context.support.DirtiesContextBeforeModesTestExecutionListener@4d8522ff, org.springframework.test.context.support.DependencyInjectionTestExecutionListener@1c9975a8, org.springframework.test.context.support.DirtiesContextTestExecutionListener@3883031d, org.springframework.test.context.transaction.TransactionalTestExecutionListener@5d6d424d, org.springframework.test.context.jdbc.SqlScriptsTestExecutionListener@391b01c5, org.springframework.boot.test.autoconfigure.web.servlet.WebDriverTestExecutionListener@6e78177b, org.springframework.boot.test.autoconfigure.web.client.MockRestServiceServerResetTestExecutionListener@4ec37a42, org.springframework.boot.test.mock.mockito.MockitoTestExecutionListener@798b36fd, org.springframework.boot.test.mock.mockito.ResetMocksTestExecutionListener@18ff1520, org.springframework.boot.test.autoconfigure.restdocs.RestDocsTestExecutionListener@36120a8b, org.springframework.boot.test.autoconfigure.web.servlet.MockMvcPrintOnlyOnFailureTestExecutionListener@63d66761]
2017-05-02 21:53:43.583  INFO 15305 --- [           main] o.s.c.support.GenericApplicationContext  : Refreshing org.springframework.context.support.GenericApplicationContext@434a8938: startup date [Tue May 02 21:53:43 BRT 2017]; root of context hierarchy
]]></system-out>
  </testcase>
</testsuite>